2024-09-03T13:48:29.490Z [my-app] info: Received activity details request
2024-09-03T13:48:29.645Z [my-app] error: Activity details request error 权限不足
2024-09-03T13:50:28.688Z [my-app] info: Received activities request ()
2024-09-03T13:50:29.920Z [my-app] info: Received activity details request ()
2024-09-03T13:50:29.938Z [my-app] error: Activity details request error 权限不足 ()
2024-09-03T13:54:10.234Z [my-app] info: Received activities request ()
2024-09-03T13:54:11.212Z [my-app] info: Received activity details request ()
2024-09-03T13:54:11.332Z [my-app] error: Activity details request error 权限不足 ()
2024-09-03T13:56:15.754Z [my-app] info: Received activities request ()
2024-09-03T13:56:17.943Z [my-app] info: Received activity details request ()
2024-09-03T13:56:18.074Z [my-app] error: AxiosError: Request failed with status code 400
    at settle (P:\Data\react\my-react\auto-audit-api\node_modules\axios\dist\node\axios.cjs:1983:12)
    at IncomingMessage.handleStreamEnd (P:\Data\react\my-react\auto-audit-api\node_modules\axios\dist\node\axios.cjs:3085:11)
    at IncomingMessage.emit (node:events:531:35)
    at endReadableNT (node:internal/streams/readable:1696:12)
    at process.processTicksAndRejections (node:internal/process/task_queues:82:21)
    at Axios.request (P:\Data\react\my-react\auto-audit-api\node_modules\axios\dist\node\axios.cjs:4224:41)
    at process.processTicksAndRejections (node:internal/process/task_queues:95:5)
    at async P:\Data\react\my-react\auto-audit-api\server\index.js:105:26 (at settle (P:\Data\react\my-react\auto-audit-api\node_modules\axios\dist\node\axios.cjs:1983:12))
2024-09-03T13:57:47.905Z [my-app] info: Received activities request ()
2024-09-03T13:57:49.191Z [my-app] info: Received activity details request ()
2024-09-03T13:57:49.487Z [my-app] error: Activity details request error 权限不足 ()
2024-09-03T14:00:26.296Z [my-app] info: Received activities request ()
2024-09-03T14:02:21.673Z [my-app] info: User logged in ()
2024-09-03T14:02:21.720Z [my-app] info: Received activities request ()
2024-09-03T14:02:24.398Z [my-app] info: Received activity details request ()
2024-09-03T14:02:24.538Z [my-app] info: Activity details response 操作成功！ ()
2024-09-03T14:02:34.069Z [my-app] info: Received activities request ()
2024-09-03T14:02:37.587Z [my-app] info: User logged in ()
2024-09-03T14:02:37.608Z [my-app] info: Received activities request ()
2024-09-03T14:02:39.972Z [my-app] info: Received activity details request ()
2024-09-03T14:02:40.004Z [my-app] error: Activity details request error 权限不足 ()
2024-09-03T14:03:10.941Z [my-app] info: Received activity details request ()
2024-09-03T14:03:11.004Z [my-app] error: Activity details request error 权限不足 ()
2024-09-03T14:03:17.918Z [my-app] info: Received activity details request ()
2024-09-03T14:03:17.967Z [my-app] error: Activity details request error 权限不足 ()
2024-09-03T14:04:16.741Z [my-app] info: Received activity details request ()
2024-09-03T14:04:16.783Z [my-app] error: Activity details request error 权限不足 ()
2024-09-03T14:04:28.786Z [my-app] info: Received activity details request ()
2024-09-03T14:04:28.818Z [my-app] error: Activity details request error 权限不足 ()
2024-09-03T14:09:09.284Z [my-app] info: User logged in ()
2024-09-03T14:09:09.317Z [my-app] info: Received activities request ()
2024-09-03T14:09:15.864Z [my-app] info: Received activity details request ()
2024-09-03T14:09:16.033Z [my-app] info: Activity details response 操作成功！ ()
2024-09-03T14:10:04.292Z [my-app] info: Received activity details request ()
2024-09-03T14:10:04.376Z [my-app] error: Activity details request error Internal Server Error ()
2024-09-03T14:10:06.722Z [my-app] info: Received activities request ()
2024-09-03T14:10:09.826Z [my-app] info: Received activity details request ()
2024-09-03T14:10:09.888Z [my-app] error: Activity details request error Internal Server Error ()
2024-09-04T06:07:59.372Z [my-app] info: Received activities request 
2024-09-04T06:08:01.843Z [my-app] info: Received activity details request 
2024-09-04T06:08:01.857Z [my-app] error: Activity details request error Request failed with status code 500 (P:\Data\react\my-react\auto-audit-api\node_modules\axios\dist\node\axios.cjs:1983:12)
2024-09-04T06:08:12.068Z [my-app] info: Received activities request 
2024-09-04T06:08:13.708Z [my-app] info: User logged in 
2024-09-04T06:08:13.778Z [my-app] info: Received activities request 
2024-09-04T06:08:15.157Z [my-app] info: Received activity details request 
2024-09-04T06:08:15.202Z [my-app] info: 申请单个活动详情 操作成功！ 
2024-09-04T06:08:31.913Z [my-app] info: Received activities request 
2024-09-04T06:08:37.349Z [my-app] info: Received activities request 
2024-09-04T06:08:42.772Z [my-app] info: Received activities request 
2024-09-04T06:08:59.689Z [my-app] info: Received activity details request 
2024-09-04T06:08:59.722Z [my-app] info: 申请单个活动详情 操作成功！ 
2024-09-04T06:13:36.145Z [my-app] info: Received updateActivity request 
2024-09-04T06:13:36.194Z [my-app] info: Update activity response 活动修改成功 
2024-09-04T06:15:03.248Z [my-app] info: Received activity details request 
2024-09-04T06:15:03.282Z [my-app] info: 申请单个活动详情 操作成功！ 
2024-09-04T06:15:12.503Z [my-app] info: Received activity details request 
2024-09-04T06:15:12.534Z [my-app] info: 申请单个活动详情 操作成功！ 
2024-09-04T06:15:50.876Z [my-app] info: Received activity details request 
2024-09-04T06:15:50.907Z [my-app] info: 申请单个活动详情 操作成功！ 
2024-09-04T06:15:54.079Z [my-app] info: Received activity details request 
2024-09-04T06:15:54.105Z [my-app] info: 申请单个活动详情 操作成功！ 
2024-09-04T06:15:57.460Z [my-app] info: Received activity details request 
2024-09-04T06:15:57.485Z [my-app] info: 申请单个活动详情 操作成功！ 
2024-09-04T06:18:55.338Z [my-app] info: Received activity details request 
2024-09-04T06:18:55.432Z [my-app] info: 申请单个活动详情 操作成功！ 
2024-09-04T06:19:40.016Z [my-app] info: Received activity details request 
2024-09-04T06:19:40.115Z [my-app] info: 申请单个活动详情 操作成功！ 
2024-09-04T06:21:48.052Z [my-app] info: Received activity details request 
2024-09-04T06:21:48.083Z [my-app] info: 申请单个活动详情 操作成功！ 
2024-09-04T06:21:50.787Z [my-app] info: Received activity details request 
2024-09-04T06:21:50.807Z [my-app] info: 申请单个活动详情 操作成功！ 
2024-09-04T06:22:31.133Z [my-app] info: Received activity details request 
2024-09-04T06:22:31.164Z [my-app] info: 申请单个活动详情 操作成功！ 
2024-09-04T06:41:14.589Z [my-app] info: Received activities request 
2024-09-04T06:43:08.042Z [my-app] info: User logged in 
2024-09-04T06:43:08.096Z [my-app] info: Received activities request 
2024-09-04T06:43:10.796Z [my-app] info: Received activity details request 
2024-09-04T06:43:10.819Z [my-app] info: 申请单个活动详情 操作成功！ 
2024-09-04T06:44:28.426Z [my-app] info: Received activity details request 
2024-09-04T06:44:28.460Z [my-app] info: 申请单个活动详情 操作成功！ 
2024-09-04T06:44:45.121Z [my-app] info: Received activity details request 
2024-09-04T06:44:45.173Z [my-app] info: 申请单个活动详情 操作成功！ 
2024-09-04T06:53:21.289Z [my-app] info: Received activity details request 
2024-09-04T06:53:21.324Z [my-app] info: 申请单个活动详情 操作成功！ 
2024-09-04T06:53:58.109Z [my-app] info: Received activity details request 
2024-09-04T06:53:58.143Z [my-app] info: 申请单个活动详情 操作成功！ 
2024-09-04T06:54:04.391Z [my-app] info: Received activity details request 
2024-09-04T06:54:04.420Z [my-app] info: 申请单个活动详情 操作成功！ 
2024-09-04T06:54:55.128Z [my-app] info: Received activity details request 
2024-09-04T06:54:55.161Z [my-app] info: 申请单个活动详情 操作成功！ 
2024-09-04T06:55:14.625Z [my-app] info: Received activity details request 
2024-09-04T06:55:14.656Z [my-app] info: 申请单个活动详情 操作成功！ 
2024-09-04T06:56:27.701Z [my-app] info: Received activity details request 
2024-09-04T06:56:27.757Z [my-app] error: Activity details request error Request failed with status code 500 (P:\Data\react\my-react\auto-audit-api\node_modules\axios\dist\node\axios.cjs:1983:12)
2024-09-04T06:57:35.979Z [my-app] info: Received activity details request 
2024-09-04T06:57:36.003Z [my-app] error: Activity details request error Request failed with status code 500 (P:\Data\react\my-react\auto-audit-api\node_modules\axios\dist\node\axios.cjs:1983:12)
2024-09-04T06:57:50.247Z [my-app] info: Received activity details request 
2024-09-04T06:57:50.371Z [my-app] error: Activity details request error Request failed with status code 500 (P:\Data\react\my-react\auto-audit-api\node_modules\axios\dist\node\axios.cjs:1983:12)
2024-09-04T06:58:08.548Z [my-app] info: User logged in 
2024-09-04T06:58:08.580Z [my-app] info: Received activities request 
2024-09-04T06:58:09.785Z [my-app] info: Received activity details request 
2024-09-04T06:58:09.809Z [my-app] info: 申请单个活动详情 操作成功！ 
2024-09-04T07:01:25.119Z [my-app] info: Received activity details request 
2024-09-04T07:01:25.141Z [my-app] error: Activity details request error Request failed with status code 500 (P:\Data\react\my-react\auto-audit-api\node_modules\axios\dist\node\axios.cjs:1983:12)
2024-09-04T07:01:44.990Z [my-app] info: Received activity details request 
2024-09-04T07:01:45.013Z [my-app] error: Activity details request error Request failed with status code 500 (P:\Data\react\my-react\auto-audit-api\node_modules\axios\dist\node\axios.cjs:1983:12)
2024-09-04T07:05:39.700Z [my-app] info: Received activities request 
2024-09-04T07:05:42.489Z [my-app] info: Received activity details request 
2024-09-04T07:05:42.508Z [my-app] error: Activity details request error Request failed with status code 500 (P:\Data\react\my-react\auto-audit-api\node_modules\axios\dist\node\axios.cjs:1983:12)
2024-09-04T07:06:01.785Z [my-app] info: Received activities request 
2024-09-04T07:06:03.608Z [my-app] info: User logged in 
2024-09-04T07:06:03.635Z [my-app] info: Received activities request 
2024-09-04T07:06:05.021Z [my-app] info: Received activity details request 
2024-09-04T07:06:05.054Z [my-app] info: 申请单个活动详情 操作成功！ 
2024-09-04T07:08:19.473Z [my-app] info: Received activities request 
2024-09-04T07:08:21.004Z [my-app] info: Received activity details request 
2024-09-04T07:08:21.046Z [my-app] info: 申请单个活动详情 操作成功！ 
2024-09-04T07:10:43.020Z [my-app] info: Received activities request 
2024-09-04T07:10:44.436Z [my-app] info: Received activity details request 
2024-09-04T07:10:44.465Z [my-app] info: 申请单个活动详情 操作成功！ 
2024-09-04T07:14:37.516Z [my-app] info: Received activity details request 
2024-09-04T07:14:37.597Z [my-app] error: Activity details request error Request failed with status code 500 (P:\Data\react\my-react\auto-audit-api\node_modules\axios\dist\node\axios.cjs:1983:12)
2024-09-04T07:15:45.590Z [my-app] info: Received activities request 
2024-09-04T07:15:47.481Z [my-app] info: User logged in 
2024-09-04T07:15:47.509Z [my-app] info: Received activities request 
2024-09-04T07:15:49.151Z [my-app] info: Received activity details request 
2024-09-04T07:15:49.208Z [my-app] info: 申请单个活动详情 操作成功！ 
2024-09-04T07:17:01.765Z [my-app] info: Received activities request 
2024-09-04T07:17:03.019Z [my-app] info: Received activity details request 
2024-09-04T07:17:03.054Z [my-app] info: 申请单个活动详情 操作成功！ 
2024-09-04T07:21:48.982Z [my-app] info: Received activity details request 
2024-09-04T07:21:49.046Z [my-app] info: 申请单个活动详情 操作成功！ 
2024-09-04T07:24:01.622Z [my-app] info: Received activity details request 
2024-09-04T07:24:01.717Z [my-app] info: 申请单个活动详情 操作成功！ 
2024-09-04T07:24:20.316Z [my-app] info: Received activity details request 
2024-09-04T07:24:20.350Z [my-app] info: 申请单个活动详情 操作成功！ 
2024-09-04T07:24:35.789Z [my-app] info: Received activity details request 
2024-09-04T07:24:35.826Z [my-app] info: 申请单个活动详情 操作成功！ 
2024-09-04T07:28:56.277Z [my-app] info: Received activity details request 
2024-09-04T07:28:56.327Z [my-app] info: 申请单个活动详情 操作成功！ 
2024-09-04T07:29:11.431Z [my-app] info: Received activity details request 
2024-09-04T07:29:11.493Z [my-app] info: 申请单个活动详情 操作成功！ 
2024-09-04T07:31:05.105Z [my-app] info: Received activity details request 
2024-09-04T07:31:05.175Z [my-app] info: 申请单个活动详情 操作成功！ 
2024-09-04T07:31:46.065Z [my-app] info: Received activity details request 
2024-09-04T07:31:46.118Z [my-app] info: 申请单个活动详情 操作成功！ 
2024-09-04T07:32:11.824Z [my-app] info: Received activity details request 
2024-09-04T07:32:11.891Z [my-app] info: 申请单个活动详情 操作成功！ 
2024-09-04T07:32:38.141Z [my-app] info: Received activity details request 
2024-09-04T07:32:38.189Z [my-app] info: 申请单个活动详情 操作成功！ 
2024-09-04T07:33:07.893Z [my-app] info: Received activity details request 
2024-09-04T07:33:07.945Z [my-app] info: 申请单个活动详情 操作成功！ 
2024-09-04T07:34:26.820Z [my-app] info: Received activity details request 
2024-09-04T07:34:27.021Z [my-app] info: 申请单个活动详情 操作成功！ 
2024-09-04T07:34:32.171Z [my-app] info: Received activity details request 
2024-09-04T07:34:32.345Z [my-app] info: 申请单个活动详情 操作成功！ 
2024-09-04T07:34:43.984Z [my-app] info: Received activity details request 
2024-09-04T07:34:44.068Z [my-app] info: 申请单个活动详情 操作成功！ 
2024-09-04T07:34:59.883Z [my-app] info: Received activity details request 
2024-09-04T07:34:59.955Z [my-app] info: 申请单个活动详情 操作成功！ 
2024-09-04T07:36:46.252Z [my-app] info: Received activity details request 
2024-09-04T07:36:46.297Z [my-app] error: Activity details request error Request failed with status code 500 (P:\Data\react\my-react\auto-audit-api\node_modules\axios\dist\node\axios.cjs:1983:12)
2024-09-04T07:37:27.333Z [my-app] info: Received activities request 
2024-09-04T07:37:29.343Z [my-app] info: Received activities request 
2024-09-04T07:37:30.258Z [my-app] info: Received activities request 
2024-09-04T07:37:31.666Z [my-app] info: Received activity details request 
2024-09-04T07:37:31.696Z [my-app] error: Activity details request error Request failed with status code 500 (P:\Data\react\my-react\auto-audit-api\node_modules\axios\dist\node\axios.cjs:1983:12)
2024-09-04T07:37:34.109Z [my-app] info: Received activities request 
2024-09-04T07:37:35.594Z [my-app] info: User logged in 
2024-09-04T07:37:35.614Z [my-app] info: Received activities request 
2024-09-04T07:37:36.530Z [my-app] info: Received activity details request 
2024-09-04T07:37:36.565Z [my-app] info: 申请单个活动详情 操作成功！ 
2024-09-04T07:37:57.268Z [my-app] info: Received activity details request 
2024-09-04T07:37:57.343Z [my-app] info: 申请单个活动详情 操作成功！ 
2024-09-04T07:38:14.503Z [my-app] info: Received activity details request 
2024-09-04T07:38:14.757Z [my-app] info: 申请单个活动详情 操作成功！ 
2024-09-04T07:38:15.809Z [my-app] info: Received activity details request 
2024-09-04T07:38:15.864Z [my-app] info: 申请单个活动详情 操作成功！ 
2024-09-04T07:38:20.764Z [my-app] info: Received activity details request 
2024-09-04T07:38:20.898Z [my-app] info: 申请单个活动详情 操作成功！ 
2024-09-04T07:38:56.979Z [my-app] info: Received activity details request 
2024-09-04T07:38:57.035Z [my-app] info: 申请单个活动详情 操作成功！ 
2024-09-04T07:40:40.339Z [my-app] info: Received activity details request 
2024-09-04T07:40:40.421Z [my-app] info: 申请单个活动详情 操作成功！ 
2024-09-04T07:41:34.484Z [my-app] info: Received activity details request 
2024-09-04T07:41:34.535Z [my-app] info: 申请单个活动详情 操作成功！ 
2024-09-04T07:41:51.637Z [my-app] info: Received activity details request 
2024-09-04T07:41:51.692Z [my-app] info: 申请单个活动详情 操作成功！ 
2024-09-04T07:42:04.246Z [my-app] info: User logged in 
2024-09-04T07:42:04.303Z [my-app] info: Received activities request 
2024-09-04T07:42:06.600Z [my-app] info: Received activity details request 
2024-09-04T07:42:06.630Z [my-app] info: 申请单个活动详情 操作成功！ 
2024-09-04T07:43:57.000Z [my-app] info: Received activity details request 
2024-09-04T07:43:57.071Z [my-app] error: Activity details request error Request failed with status code 500 (P:\Data\react\my-react\auto-audit-api\node_modules\axios\dist\node\axios.cjs:1983:12)
2024-09-04T07:45:13.665Z [my-app] info: Received activity details request 
2024-09-04T07:45:13.735Z [my-app] error: Activity details request error Request failed with status code 500 (P:\Data\react\my-react\auto-audit-api\node_modules\axios\dist\node\axios.cjs:1983:12)
2024-09-04T07:45:19.955Z [my-app] info: Received activity details request 
2024-09-04T07:45:19.998Z [my-app] error: Activity details request error Request failed with status code 500 (P:\Data\react\my-react\auto-audit-api\node_modules\axios\dist\node\axios.cjs:1983:12)
2024-09-04T07:45:25.199Z [my-app] info: Received activities request 
2024-09-04T07:45:26.597Z [my-app] info: Received activity details request 
2024-09-04T07:45:26.633Z [my-app] error: Activity details request error Request failed with status code 500 (P:\Data\react\my-react\auto-audit-api\node_modules\axios\dist\node\axios.cjs:1983:12)
2024-09-04T07:45:33.147Z [my-app] info: User logged in 
2024-09-04T07:45:33.180Z [my-app] info: Received activities request 
2024-09-04T07:45:34.188Z [my-app] info: Received activity details request 
2024-09-04T07:45:34.223Z [my-app] info: 申请单个活动详情 操作成功！ 
2024-09-04T07:46:01.654Z [my-app] info: Received activity details request 
2024-09-04T07:46:01.709Z [my-app] error: Activity details request error Request failed with status code 500 (P:\Data\react\my-react\auto-audit-api\node_modules\axios\dist\node\axios.cjs:1983:12)
2024-09-04T07:46:34.462Z [my-app] info: Received activity details request 
2024-09-04T07:46:34.525Z [my-app] error: Activity details request error Request failed with status code 500 (P:\Data\react\my-react\auto-audit-api\node_modules\axios\dist\node\axios.cjs:1983:12)
2024-09-04T07:48:03.200Z [my-app] info: Received activity details request 
2024-09-04T07:48:03.290Z [my-app] error: Activity details request error Request failed with status code 500 (P:\Data\react\my-react\auto-audit-api\node_modules\axios\dist\node\axios.cjs:1983:12)
2024-09-04T07:52:23.536Z [my-app] info: Received activity details request 
2024-09-04T07:52:23.612Z [my-app] error: Activity details request error Request failed with status code 500 (P:\Data\react\my-react\auto-audit-api\node_modules\axios\dist\node\axios.cjs:1983:12)
2024-09-04T07:52:41.593Z [my-app] info: Received activity details request 
2024-09-04T07:52:41.667Z [my-app] error: Activity details request error Request failed with status code 500 (P:\Data\react\my-react\auto-audit-api\node_modules\axios\dist\node\axios.cjs:1983:12)
2024-09-04T07:53:04.852Z [my-app] info: Received activity details request 
2024-09-04T07:53:04.943Z [my-app] error: Activity details request error Request failed with status code 500 (P:\Data\react\my-react\auto-audit-api\node_modules\axios\dist\node\axios.cjs:1983:12)
2024-09-04T08:09:13.061Z [my-app] info: Received activity details request 
2024-09-04T08:09:13.150Z [my-app] error: Activity details request error Request failed with status code 500 (P:\Data\react\my-react\auto-audit-api\node_modules\axios\dist\node\axios.cjs:1983:12)
2024-09-04T08:10:26.646Z [my-app] info: Received activity details request 
2024-09-04T08:10:26.740Z [my-app] error: Activity details request error Request failed with status code 500 (P:\Data\react\my-react\auto-audit-api\node_modules\axios\dist\node\axios.cjs:1983:12)
2024-09-04T08:10:37.158Z [my-app] info: Received activities request 
2024-09-04T08:10:41.472Z [my-app] info: User logged in 
2024-09-04T08:10:41.529Z [my-app] info: Received activities request 
2024-09-04T08:10:42.734Z [my-app] info: Received activity details request 
2024-09-04T08:10:42.783Z [my-app] info: 申请单个活动详情 操作成功！ 
2024-09-04T08:11:06.171Z [my-app] info: Received activity details request 
2024-09-04T08:11:06.232Z [my-app] info: 申请单个活动详情 操作成功！ 
2024-09-04T08:13:46.254Z [my-app] info: Received activity details request 
2024-09-04T08:13:46.309Z [my-app] info: 申请单个活动详情 操作成功！ 
2024-09-04T08:17:19.375Z [my-app] info: Received activity details request 
2024-09-04T08:17:19.439Z [my-app] info: 申请单个活动详情 操作成功！ 
2024-09-04T08:17:20.448Z [my-app] info: Received activity details request 
2024-09-04T08:17:20.481Z [my-app] info: 申请单个活动详情 操作成功！ 
2024-09-04T08:17:20.960Z [my-app] info: Received activity details request 
2024-09-04T08:17:20.992Z [my-app] info: 申请单个活动详情 操作成功！ 
2024-09-04T13:36:01.044Z [my-app] info: Received activity details request 
2024-09-04T13:36:01.324Z [my-app] info: 申请单个活动详情 操作成功！ 
2024-09-04T13:57:26.195Z [my-app] info: Received activity details request 
2024-09-04T13:57:26.324Z [my-app] info: 申请单个活动详情 操作成功！ 
2024-09-04T14:05:25.177Z [my-app] info: Received activity details request 
2024-09-04T14:05:25.302Z [my-app] info: 申请单个活动详情 操作成功！ 
2024-09-04T14:07:13.174Z [my-app] info: Received activity details request 
2024-09-04T14:07:13.414Z [my-app] info: 申请单个活动详情 操作成功！ 
2024-09-04T14:08:47.178Z [my-app] info: Received activity details request 
2024-09-04T14:08:47.317Z [my-app] info: 申请单个活动详情 操作成功！ 
2024-09-04T14:23:27.183Z [my-app] info: Received activity details request 
2024-09-04T14:23:27.375Z [my-app] info: 申请单个活动详情 操作成功！ 
