2024-09-03T13:48:29.645Z [my-app] error: Activity details request error 权限不足
2024-09-03T13:50:29.938Z [my-app] error: Activity details request error 权限不足 ()
2024-09-03T13:54:11.332Z [my-app] error: Activity details request error 权限不足 ()
2024-09-03T13:56:18.074Z [my-app] error: AxiosError: Request failed with status code 400
    at settle (P:\Data\react\my-react\auto-audit-api\node_modules\axios\dist\node\axios.cjs:1983:12)
    at IncomingMessage.handleStreamEnd (P:\Data\react\my-react\auto-audit-api\node_modules\axios\dist\node\axios.cjs:3085:11)
    at IncomingMessage.emit (node:events:531:35)
    at endReadableNT (node:internal/streams/readable:1696:12)
    at process.processTicksAndRejections (node:internal/process/task_queues:82:21)
    at Axios.request (P:\Data\react\my-react\auto-audit-api\node_modules\axios\dist\node\axios.cjs:4224:41)
    at process.processTicksAndRejections (node:internal/process/task_queues:95:5)
    at async P:\Data\react\my-react\auto-audit-api\server\index.js:105:26 (at settle (P:\Data\react\my-react\auto-audit-api\node_modules\axios\dist\node\axios.cjs:1983:12))
2024-09-03T13:57:49.487Z [my-app] error: Activity details request error 权限不足 ()
2024-09-03T14:02:40.004Z [my-app] error: Activity details request error 权限不足 ()
2024-09-03T14:03:11.004Z [my-app] error: Activity details request error 权限不足 ()
2024-09-03T14:03:17.967Z [my-app] error: Activity details request error 权限不足 ()
2024-09-03T14:04:16.783Z [my-app] error: Activity details request error 权限不足 ()
2024-09-03T14:04:28.818Z [my-app] error: Activity details request error 权限不足 ()
2024-09-03T14:10:04.376Z [my-app] error: Activity details request error Internal Server Error ()
2024-09-03T14:10:09.888Z [my-app] error: Activity details request error Internal Server Error ()
2024-09-04T06:08:01.857Z [my-app] error: Activity details request error Request failed with status code 500 (P:\Data\react\my-react\auto-audit-api\node_modules\axios\dist\node\axios.cjs:1983:12)
2024-09-04T06:56:27.757Z [my-app] error: Activity details request error Request failed with status code 500 (P:\Data\react\my-react\auto-audit-api\node_modules\axios\dist\node\axios.cjs:1983:12)
2024-09-04T06:57:36.003Z [my-app] error: Activity details request error Request failed with status code 500 (P:\Data\react\my-react\auto-audit-api\node_modules\axios\dist\node\axios.cjs:1983:12)
2024-09-04T06:57:50.371Z [my-app] error: Activity details request error Request failed with status code 500 (P:\Data\react\my-react\auto-audit-api\node_modules\axios\dist\node\axios.cjs:1983:12)
2024-09-04T07:01:25.141Z [my-app] error: Activity details request error Request failed with status code 500 (P:\Data\react\my-react\auto-audit-api\node_modules\axios\dist\node\axios.cjs:1983:12)
2024-09-04T07:01:45.013Z [my-app] error: Activity details request error Request failed with status code 500 (P:\Data\react\my-react\auto-audit-api\node_modules\axios\dist\node\axios.cjs:1983:12)
2024-09-04T07:05:42.508Z [my-app] error: Activity details request error Request failed with status code 500 (P:\Data\react\my-react\auto-audit-api\node_modules\axios\dist\node\axios.cjs:1983:12)
2024-09-04T07:14:37.597Z [my-app] error: Activity details request error Request failed with status code 500 (P:\Data\react\my-react\auto-audit-api\node_modules\axios\dist\node\axios.cjs:1983:12)
2024-09-04T07:36:46.297Z [my-app] error: Activity details request error Request failed with status code 500 (P:\Data\react\my-react\auto-audit-api\node_modules\axios\dist\node\axios.cjs:1983:12)
2024-09-04T07:37:31.696Z [my-app] error: Activity details request error Request failed with status code 500 (P:\Data\react\my-react\auto-audit-api\node_modules\axios\dist\node\axios.cjs:1983:12)
2024-09-04T07:43:57.071Z [my-app] error: Activity details request error Request failed with status code 500 (P:\Data\react\my-react\auto-audit-api\node_modules\axios\dist\node\axios.cjs:1983:12)
2024-09-04T07:45:13.735Z [my-app] error: Activity details request error Request failed with status code 500 (P:\Data\react\my-react\auto-audit-api\node_modules\axios\dist\node\axios.cjs:1983:12)
2024-09-04T07:45:19.998Z [my-app] error: Activity details request error Request failed with status code 500 (P:\Data\react\my-react\auto-audit-api\node_modules\axios\dist\node\axios.cjs:1983:12)
2024-09-04T07:45:26.633Z [my-app] error: Activity details request error Request failed with status code 500 (P:\Data\react\my-react\auto-audit-api\node_modules\axios\dist\node\axios.cjs:1983:12)
2024-09-04T07:46:01.709Z [my-app] error: Activity details request error Request failed with status code 500 (P:\Data\react\my-react\auto-audit-api\node_modules\axios\dist\node\axios.cjs:1983:12)
2024-09-04T07:46:34.525Z [my-app] error: Activity details request error Request failed with status code 500 (P:\Data\react\my-react\auto-audit-api\node_modules\axios\dist\node\axios.cjs:1983:12)
2024-09-04T07:48:03.290Z [my-app] error: Activity details request error Request failed with status code 500 (P:\Data\react\my-react\auto-audit-api\node_modules\axios\dist\node\axios.cjs:1983:12)
2024-09-04T07:52:23.612Z [my-app] error: Activity details request error Request failed with status code 500 (P:\Data\react\my-react\auto-audit-api\node_modules\axios\dist\node\axios.cjs:1983:12)
2024-09-04T07:52:41.667Z [my-app] error: Activity details request error Request failed with status code 500 (P:\Data\react\my-react\auto-audit-api\node_modules\axios\dist\node\axios.cjs:1983:12)
2024-09-04T07:53:04.943Z [my-app] error: Activity details request error Request failed with status code 500 (P:\Data\react\my-react\auto-audit-api\node_modules\axios\dist\node\axios.cjs:1983:12)
2024-09-04T08:09:13.150Z [my-app] error: Activity details request error Request failed with status code 500 (P:\Data\react\my-react\auto-audit-api\node_modules\axios\dist\node\axios.cjs:1983:12)
2024-09-04T08:10:26.740Z [my-app] error: Activity details request error Request failed with status code 500 (P:\Data\react\my-react\auto-audit-api\node_modules\axios\dist\node\axios.cjs:1983:12)
